<?xml version="1.0" encoding="UTF-8"?>
<testsuite xmlns:xsi="http://www.w3.org/2001/XMLSchema-instance" xsi:noNamespaceSchemaLocation="https://maven.apache.org/surefire/maven-surefire-plugin/xsd/surefire-test-report.xsd" name="com.example.HelloTest" time="0.745" tests="2" errors="0" skipped="0" failures="0">
  <properties>
    <property name="java.specification.version" value="17"/>
    <property name="sun.cpu.isalist" value="amd64"/>
    <property name="sun.jnu.encoding" value="Cp1252"/>
    <property name="java.class.path" value="E:\Users\XPC\Documents\Trabajo\repros\JavaSpringFunctionApp\target\test-classes;E:\Users\XPC\Documents\Trabajo\repros\JavaSpringFunctionApp\target\classes;C:\Users\XPC\.m2\repository\org\springframework\cloud\spring-cloud-function-adapter-azure\4.0.0\spring-cloud-function-adapter-azure-4.0.0.jar;C:\Users\XPC\.m2\repository\org\springframework\cloud\spring-cloud-function-context\4.0.0\spring-cloud-function-context-4.0.0.jar;C:\Users\XPC\.m2\repository\net\jodah\typetools\0.6.2\typetools-0.6.2.jar;C:\Users\XPC\.m2\repository\org\springframework\boot\spring-boot-autoconfigure\3.0.1\spring-boot-autoconfigure-3.0.1.jar;C:\Users\XPC\.m2\repository\org\springframework\cloud\spring-cloud-function-core\4.0.0\spring-cloud-function-core-4.0.0.jar;C:\Users\XPC\.m2\repository\org\springframework\spring-messaging\6.0.3\spring-messaging-6.0.3.jar;C:\Users\XPC\.m2\repository\org\springframework\spring-beans\6.0.3\spring-beans-6.0.3.jar;C:\Users\XPC\.m2\repository\javax\annotation\javax.annotation-api\1.3.2\javax.annotation-api-1.3.2.jar;C:\Users\XPC\.m2\repository\javax\activation\javax.activation-api\1.2.0\javax.activation-api-1.2.0.jar;C:\Users\XPC\.m2\repository\com\fasterxml\jackson\core\jackson-databind\2.14.1\jackson-databind-2.14.1.jar;C:\Users\XPC\.m2\repository\com\fasterxml\jackson\core\jackson-annotations\2.14.1\jackson-annotations-2.14.1.jar;C:\Users\XPC\.m2\repository\com\fasterxml\jackson\core\jackson-core\2.14.1\jackson-core-2.14.1.jar;C:\Users\XPC\.m2\repository\org\springframework\boot\spring-boot-starter\3.0.1\spring-boot-starter-3.0.1.jar;C:\Users\XPC\.m2\repository\org\springframework\boot\spring-boot\3.0.1\spring-boot-3.0.1.jar;C:\Users\XPC\.m2\repository\org\springframework\spring-context\6.0.3\spring-context-6.0.3.jar;C:\Users\XPC\.m2\repository\org\springframework\spring-aop\6.0.3\spring-aop-6.0.3.jar;C:\Users\XPC\.m2\repository\org\springframework\spring-expression\6.0.3\spring-expression-6.0.3.jar;C:\Users\XPC\.m2\repository\jakarta\annotation\jakarta.annotation-api\2.1.1\jakarta.annotation-api-2.1.1.jar;C:\Users\XPC\.m2\repository\org\yaml\snakeyaml\1.33\snakeyaml-1.33.jar;C:\Users\XPC\.m2\repository\io\projectreactor\reactor-core\3.5.1\reactor-core-3.5.1.jar;C:\Users\XPC\.m2\repository\org\reactivestreams\reactive-streams\1.0.4\reactive-streams-1.0.4.jar;C:\Users\XPC\.m2\repository\com\microsoft\azure\functions\azure-functions-java-library\3.0.0\azure-functions-java-library-3.0.0.jar;C:\Users\XPC\.m2\repository\com\microsoft\azure\functions\azure-functions-java-core-library\1.2.0\azure-functions-java-core-library-1.2.0.jar;C:\Users\XPC\.m2\repository\com\microsoft\azure\functions\azure-functions-java-spi\1.0.0\azure-functions-java-spi-1.0.0.jar;C:\Users\XPC\.m2\repository\org\springframework\cloud\spring-cloud-starter-function-webflux\4.0.0\spring-cloud-starter-function-webflux-4.0.0.jar;C:\Users\XPC\.m2\repository\org\springframework\cloud\spring-cloud-function-web\4.0.0\spring-cloud-function-web-4.0.0.jar;C:\Users\XPC\.m2\repository\org\springframework\boot\spring-boot-starter-webflux\3.0.1\spring-boot-starter-webflux-3.0.1.jar;C:\Users\XPC\.m2\repository\org\springframework\boot\spring-boot-starter-json\3.0.1\spring-boot-starter-json-3.0.1.jar;C:\Users\XPC\.m2\repository\com\fasterxml\jackson\datatype\jackson-datatype-jdk8\2.14.1\jackson-datatype-jdk8-2.14.1.jar;C:\Users\XPC\.m2\repository\com\fasterxml\jackson\datatype\jackson-datatype-jsr310\2.14.1\jackson-datatype-jsr310-2.14.1.jar;C:\Users\XPC\.m2\repository\com\fasterxml\jackson\module\jackson-module-parameter-names\2.14.1\jackson-module-parameter-names-2.14.1.jar;C:\Users\XPC\.m2\repository\org\springframework\boot\spring-boot-starter-reactor-netty\3.0.1\spring-boot-starter-reactor-netty-3.0.1.jar;C:\Users\XPC\.m2\repository\io\projectreactor\netty\reactor-netty-http\1.1.1\reactor-netty-http-1.1.1.jar;C:\Users\XPC\.m2\repository\io\netty\netty-codec-http2\4.1.86.Final\netty-codec-http2-4.1.86.Final.jar;C:\Users\XPC\.m2\repository\io\netty\netty-resolver-dns\4.1.86.Final\netty-resolver-dns-4.1.86.Final.jar;C:\Users\XPC\.m2\repository\io\netty\netty-codec-dns\4.1.86.Final\netty-codec-dns-4.1.86.Final.jar;C:\Users\XPC\.m2\repository\io\netty\netty-resolver-dns-native-macos\4.1.86.Final\netty-resolver-dns-native-macos-4.1.86.Final-osx-x86_64.jar;C:\Users\XPC\.m2\repository\io\netty\netty-resolver-dns-classes-macos\4.1.86.Final\netty-resolver-dns-classes-macos-4.1.86.Final.jar;C:\Users\XPC\.m2\repository\io\projectreactor\netty\reactor-netty-core\1.1.1\reactor-netty-core-1.1.1.jar;C:\Users\XPC\.m2\repository\org\springframework\spring-web\6.0.3\spring-web-6.0.3.jar;C:\Users\XPC\.m2\repository\io\micrometer\micrometer-observation\1.10.2\micrometer-observation-1.10.2.jar;C:\Users\XPC\.m2\repository\io\micrometer\micrometer-commons\1.10.2\micrometer-commons-1.10.2.jar;C:\Users\XPC\.m2\repository\org\springframework\spring-webflux\6.0.3\spring-webflux-6.0.3.jar;C:\Users\XPC\.m2\repository\org\springframework\boot\spring-boot-starter-test\3.0.1\spring-boot-starter-test-3.0.1.jar;C:\Users\XPC\.m2\repository\org\springframework\boot\spring-boot-test\3.0.1\spring-boot-test-3.0.1.jar;C:\Users\XPC\.m2\repository\org\springframework\boot\spring-boot-test-autoconfigure\3.0.1\spring-boot-test-autoconfigure-3.0.1.jar;C:\Users\XPC\.m2\repository\com\jayway\jsonpath\json-path\2.7.0\json-path-2.7.0.jar;C:\Users\XPC\.m2\repository\net\minidev\json-smart\2.4.8\json-smart-2.4.8.jar;C:\Users\XPC\.m2\repository\net\minidev\accessors-smart\2.4.8\accessors-smart-2.4.8.jar;C:\Users\XPC\.m2\repository\org\ow2\asm\asm\9.1\asm-9.1.jar;C:\Users\XPC\.m2\repository\jakarta\xml\bind\jakarta.xml.bind-api\4.0.0\jakarta.xml.bind-api-4.0.0.jar;C:\Users\XPC\.m2\repository\jakarta\activation\jakarta.activation-api\2.1.0\jakarta.activation-api-2.1.0.jar;C:\Users\XPC\.m2\repository\org\assertj\assertj-core\3.23.1\assertj-core-3.23.1.jar;C:\Users\XPC\.m2\repository\net\bytebuddy\byte-buddy\1.12.20\byte-buddy-1.12.20.jar;C:\Users\XPC\.m2\repository\org\hamcrest\hamcrest\2.2\hamcrest-2.2.jar;C:\Users\XPC\.m2\repository\org\junit\jupiter\junit-jupiter\5.9.1\junit-jupiter-5.9.1.jar;C:\Users\XPC\.m2\repository\org\junit\jupiter\junit-jupiter-params\5.9.1\junit-jupiter-params-5.9.1.jar;C:\Users\XPC\.m2\repository\org\junit\jupiter\junit-jupiter-engine\5.9.1\junit-jupiter-engine-5.9.1.jar;C:\Users\XPC\.m2\repository\org\junit\platform\junit-platform-engine\1.9.1\junit-platform-engine-1.9.1.jar;C:\Users\XPC\.m2\repository\org\mockito\mockito-core\4.8.1\mockito-core-4.8.1.jar;C:\Users\XPC\.m2\repository\net\bytebuddy\byte-buddy-agent\1.12.20\byte-buddy-agent-1.12.20.jar;C:\Users\XPC\.m2\repository\org\objenesis\objenesis\3.2\objenesis-3.2.jar;C:\Users\XPC\.m2\repository\org\mockito\mockito-junit-jupiter\4.8.1\mockito-junit-jupiter-4.8.1.jar;C:\Users\XPC\.m2\repository\org\skyscreamer\jsonassert\1.5.1\jsonassert-1.5.1.jar;C:\Users\XPC\.m2\repository\com\vaadin\external\google\android-json\0.0.20131108.vaadin1\android-json-0.0.20131108.vaadin1.jar;C:\Users\XPC\.m2\repository\org\springframework\spring-core\6.0.3\spring-core-6.0.3.jar;C:\Users\XPC\.m2\repository\org\springframework\spring-jcl\6.0.3\spring-jcl-6.0.3.jar;C:\Users\XPC\.m2\repository\org\springframework\spring-test\6.0.3\spring-test-6.0.3.jar;C:\Users\XPC\.m2\repository\org\xmlunit\xmlunit-core\2.9.0\xmlunit-core-2.9.0.jar;C:\Users\XPC\.m2\repository\org\junit\jupiter\junit-jupiter-api\5.9.1\junit-jupiter-api-5.9.1.jar;C:\Users\XPC\.m2\repository\org\opentest4j\opentest4j\1.2.0\opentest4j-1.2.0.jar;C:\Users\XPC\.m2\repository\org\junit\platform\junit-platform-commons\1.9.1\junit-platform-commons-1.9.1.jar;C:\Users\XPC\.m2\repository\org\apiguardian\apiguardian-api\1.1.2\apiguardian-api-1.1.2.jar;C:\Users\XPC\.m2\repository\io\gatling\highcharts\gatling-charts-highcharts\3.9.0\gatling-charts-highcharts-3.9.0.jar;C:\Users\XPC\.m2\repository\org\scala-lang\scala-library\2.13.10\scala-library-2.13.10.jar;C:\Users\XPC\.m2\repository\io\gatling\gatling-app\3.9.0\gatling-app-3.9.0.jar;C:\Users\XPC\.m2\repository\io\gatling\gatling-core\3.9.0\gatling-core-3.9.0.jar;C:\Users\XPC\.m2\repository\io\gatling\gatling-netty-util\3.9.0\gatling-netty-util-3.9.0.jar;C:\Users\XPC\.m2\repository\io\gatling\gatling-jdk-util\3.9.0\gatling-jdk-util-3.9.0.jar;C:\Users\XPC\.m2\repository\io\netty\incubator\netty-incubator-transport-native-io_uring\0.0.16.Final\netty-incubator-transport-native-io_uring-0.0.16.Final-linux-x86_64.jar;C:\Users\XPC\.m2\repository\io\netty\incubator\netty-incubator-transport-classes-io_uring\0.0.16.Final\netty-incubator-transport-classes-io_uring-0.0.16.Final.jar;C:\Users\XPC\.m2\repository\io\netty\incubator\netty-incubator-transport-native-io_uring\0.0.16.Final\netty-incubator-transport-native-io_uring-0.0.16.Final-linux-aarch_64.jar;C:\Users\XPC\.m2\repository\io\gatling\gatling-commons\3.9.0\gatling-commons-3.9.0.jar;C:\Users\XPC\.m2\repository\io\gatling\gatling-commons-shared\3.9.0\gatling-commons-shared-3.9.0.jar;C:\Users\XPC\.m2\repository\org\scala-lang\scala-reflect\2.13.10\scala-reflect-2.13.10.jar;C:\Users\XPC\.m2\repository\io\suzaku\boopickle_2.13\1.3.3\boopickle_2.13-1.3.3.jar;C:\Users\XPC\.m2\repository\io\gatling\gatling-commons-shared-unstable\3.9.0\gatling-commons-shared-unstable-3.9.0.jar;C:\Users\XPC\.m2\repository\org\typelevel\spire-macros_2.13\0.17.0\spire-macros_2.13-0.17.0.jar;C:\Users\XPC\.m2\repository\com\typesafe\scala-logging\scala-logging_2.13\3.9.5\scala-logging_2.13-3.9.5.jar;C:\Users\XPC\.m2\repository\io\gatling\gatling-jsonpath\3.9.0\gatling-jsonpath-3.9.0.jar;C:\Users\XPC\.m2\repository\com\typesafe\akka\akka-slf4j_2.13\2.6.20\akka-slf4j_2.13-2.6.20.jar;C:\Users\XPC\.m2\repository\org\simpleflatmapper\lightning-csv\8.2.3\lightning-csv-8.2.3.jar;C:\Users\XPC\.m2\repository\org\simpleflatmapper\sfm-util\8.2.3\sfm-util-8.2.3.jar;C:\Users\XPC\.m2\repository\com\github\ben-manes\caffeine\caffeine\3.1.2\caffeine-3.1.2.jar;C:\Users\XPC\.m2\repository\org\checkerframework\checker-qual\3.27.0\checker-qual-3.27.0.jar;C:\Users\XPC\.m2\repository\com\google\errorprone\error_prone_annotations\2.16\error_prone_annotations-2.16.jar;C:\Users\XPC\.m2\repository\io\pebbletemplates\pebble\3.2.0\pebble-3.2.0.jar;C:\Users\XPC\.m2\repository\org\unbescape\unbescape\1.1.6.RELEASE\unbescape-1.1.6.RELEASE.jar;C:\Users\XPC\.m2\repository\org\scala-lang\modules\scala-parser-combinators_2.13\2.1.1\scala-parser-combinators_2.13-2.1.1.jar;C:\Users\XPC\.m2\repository\com\github\scopt\scopt_2.13\3.7.1\scopt_2.13-3.7.1.jar;C:\Users\XPC\.m2\repository\io\netty\netty-handler\4.1.86.Final\netty-handler-4.1.86.Final.jar;C:\Users\XPC\.m2\repository\io\netty\netty-resolver\4.1.86.Final\netty-resolver-4.1.86.Final.jar;C:\Users\XPC\.m2\repository\io\netty\netty-transport-native-unix-common\4.1.86.Final\netty-transport-native-unix-common-4.1.86.Final.jar;C:\Users\XPC\.m2\repository\io\netty\netty-tcnative-classes\2.0.54.Final\netty-tcnative-classes-2.0.54.Final.jar;C:\Users\XPC\.m2\repository\com\softwaremill\quicklens\quicklens_2.13\1.9.0\quicklens_2.13-1.9.0.jar;C:\Users\XPC\.m2\repository\net\sf\saxon\Saxon-HE\10.6\Saxon-HE-10.6.jar;C:\Users\XPC\.m2\repository\org\jodd\jodd-lagarto\6.0.6\jodd-lagarto-6.0.6.jar;C:\Users\XPC\.m2\repository\org\jodd\jodd-util\6.1.0\jodd-util-6.1.0.jar;C:\Users\XPC\.m2\repository\io\burt\jmespath-jackson\0.5.1\jmespath-jackson-0.5.1.jar;C:\Users\XPC\.m2\repository\io\burt\jmespath-core\0.5.1\jmespath-core-0.5.1.jar;C:\Users\XPC\.m2\repository\io\gatling\gatling-core-java\3.9.0\gatling-core-java-3.9.0.jar;C:\Users\XPC\.m2\repository\com\google\code\findbugs\jsr305\3.0.2\jsr305-3.0.2.jar;C:\Users\XPC\.m2\repository\io\gatling\gatling-http\3.9.0\gatling-http-3.9.0.jar;C:\Users\XPC\.m2\repository\io\gatling\gatling-http-client\3.9.0\gatling-http-client-3.9.0.jar;C:\Users\XPC\.m2\repository\io\netty\netty-handler-proxy\4.1.86.Final\netty-handler-proxy-4.1.86.Final.jar;C:\Users\XPC\.m2\repository\io\netty\netty-codec-socks\4.1.86.Final\netty-codec-socks-4.1.86.Final.jar;C:\Users\XPC\.m2\repository\io\netty\netty-resolver-dns-native-macos\4.1.86.Final\netty-resolver-dns-native-macos-4.1.86.Final-osx-aarch_64.jar;C:\Users\XPC\.m2\repository\io\netty\netty-tcnative-boringssl-static\2.0.54.Final\netty-tcnative-boringssl-static-2.0.54.Final.jar;C:\Users\XPC\.m2\repository\io\netty\netty-tcnative-boringssl-static\2.0.54.Final\netty-tcnative-boringssl-static-2.0.54.Final-linux-x86_64.jar;C:\Users\XPC\.m2\repository\io\netty\netty-tcnative-boringssl-static\2.0.54.Final\netty-tcnative-boringssl-static-2.0.54.Final-linux-aarch_64.jar;C:\Users\XPC\.m2\repository\io\netty\netty-tcnative-boringssl-static\2.0.54.Final\netty-tcnative-boringssl-static-2.0.54.Final-osx-x86_64.jar;C:\Users\XPC\.m2\repository\io\netty\netty-tcnative-boringssl-static\2.0.54.Final\netty-tcnative-boringssl-static-2.0.54.Final-osx-aarch_64.jar;C:\Users\XPC\.m2\repository\io\netty\netty-tcnative-boringssl-static\2.0.54.Final\netty-tcnative-boringssl-static-2.0.54.Final-windows-x86_64.jar;C:\Users\XPC\.m2\repository\com\aayushatharva\brotli4j\brotli4j\1.8.0\brotli4j-1.8.0.jar;C:\Users\XPC\.m2\repository\com\aayushatharva\brotli4j\native-linux-x86_64\1.8.0\native-linux-x86_64-1.8.0.jar;C:\Users\XPC\.m2\repository\com\aayushatharva\brotli4j\native-linux-aarch64\1.8.0\native-linux-aarch64-1.8.0.jar;C:\Users\XPC\.m2\repository\com\aayushatharva\brotli4j\native-osx-x86_64\1.8.0\native-osx-x86_64-1.8.0.jar;C:\Users\XPC\.m2\repository\com\aayushatharva\brotli4j\native-osx-aarch64\1.8.0\native-osx-aarch64-1.8.0.jar;C:\Users\XPC\.m2\repository\com\aayushatharva\brotli4j\native-windows-x86_64\1.8.0\native-windows-x86_64-1.8.0.jar;C:\Users\XPC\.m2\repository\io\gatling\gatling-http-java\3.9.0\gatling-http-java-3.9.0.jar;C:\Users\XPC\.m2\repository\io\gatling\gatling-jms\3.9.0\gatling-jms-3.9.0.jar;C:\Users\XPC\.m2\repository\javax\jms\javax.jms-api\2.0.1\javax.jms-api-2.0.1.jar;C:\Users\XPC\.m2\repository\com\eatthepath\fast-uuid\0.2.0\fast-uuid-0.2.0.jar;C:\Users\XPC\.m2\repository\io\gatling\gatling-jms-java\3.9.0\gatling-jms-java-3.9.0.jar;C:\Users\XPC\.m2\repository\io\gatling\gatling-mqtt\3.9.0\gatling-mqtt-3.9.0.jar;C:\Users\XPC\.m2\repository\io\netty\netty-codec-mqtt\4.1.86.Final\netty-codec-mqtt-4.1.86.Final.jar;C:\Users\XPC\.m2\repository\io\netty\netty-transport-native-epoll\4.1.86.Final\netty-transport-native-epoll-4.1.86.Final-linux-x86_64.jar;C:\Users\XPC\.m2\repository\io\netty\netty-transport-classes-epoll\4.1.86.Final\netty-transport-classes-epoll-4.1.86.Final.jar;C:\Users\XPC\.m2\repository\io\netty\netty-transport-native-epoll\4.1.86.Final\netty-transport-native-epoll-4.1.86.Final-linux-aarch_64.jar;C:\Users\XPC\.m2\repository\io\gatling\gatling-mqtt-java\3.9.0\gatling-mqtt-java-3.9.0.jar;C:\Users\XPC\.m2\repository\io\gatling\gatling-jdbc\3.9.0\gatling-jdbc-3.9.0.jar;C:\Users\XPC\.m2\repository\io\gatling\gatling-jdbc-java\3.9.0\gatling-jdbc-java-3.9.0.jar;C:\Users\XPC\.m2\repository\io\gatling\gatling-redis\3.9.0\gatling-redis-3.9.0.jar;C:\Users\XPC\.m2\repository\net\debasishg\redisclient_2.13\3.42\redisclient_2.13-3.42.jar;C:\Users\XPC\.m2\repository\org\apache\commons\commons-pool2\2.11.1\commons-pool2-2.11.1.jar;C:\Users\XPC\.m2\repository\io\gatling\gatling-redis-java\3.9.0\gatling-redis-java-3.9.0.jar;C:\Users\XPC\.m2\repository\io\gatling\gatling-graphite\3.9.0\gatling-graphite-3.9.0.jar;C:\Users\XPC\.m2\repository\org\hdrhistogram\HdrHistogram\2.1.12\HdrHistogram-2.1.12.jar;C:\Users\XPC\.m2\repository\io\gatling\gatling-charts\3.9.0\gatling-charts-3.9.0.jar;C:\Users\XPC\.m2\repository\com\tdunning\t-digest\3.1\t-digest-3.1.jar;C:\Users\XPC\.m2\repository\io\gatling\gatling-recorder\3.9.0\gatling-recorder-3.9.0.jar;C:\Users\XPC\.m2\repository\org\scala-lang\modules\scala-swing_2.13\3.0.0\scala-swing_2.13-3.0.0.jar;C:\Users\XPC\.m2\repository\io\gatling\gatling-recorder-bc-shaded\1.72\gatling-recorder-bc-shaded-1.72.jar;C:\Users\XPC\.m2\repository\io\netty\netty-codec-http\4.1.86.Final\netty-codec-http-4.1.86.Final.jar;C:\Users\XPC\.m2\repository\io\netty\netty-common\4.1.86.Final\netty-common-4.1.86.Final.jar;C:\Users\XPC\.m2\repository\io\netty\netty-buffer\4.1.86.Final\netty-buffer-4.1.86.Final.jar;C:\Users\XPC\.m2\repository\io\netty\netty-transport\4.1.86.Final\netty-transport-4.1.86.Final.jar;C:\Users\XPC\.m2\repository\io\netty\netty-codec\4.1.86.Final\netty-codec-4.1.86.Final.jar;C:\Users\XPC\.m2\repository\com\typesafe\akka\akka-actor_2.13\2.6.20\akka-actor_2.13-2.6.20.jar;C:\Users\XPC\.m2\repository\com\typesafe\config\1.4.2\config-1.4.2.jar;C:\Users\XPC\.m2\repository\org\scala-lang\modules\scala-java8-compat_2.13\1.0.0\scala-java8-compat_2.13-1.0.0.jar;C:\Users\XPC\.m2\repository\com\microsoft\azure\applicationinsights-agent\3.4.9\applicationinsights-agent-3.4.9.jar;C:\Users\XPC\.m2\repository\ch\qos\logback\logback-classic\1.3.3\logback-classic-1.3.3.jar;C:\Users\XPC\.m2\repository\ch\qos\logback\logback-core\1.4.5\logback-core-1.4.5.jar;C:\Users\XPC\.m2\repository\org\slf4j\slf4j-api\2.0.6\slf4j-api-2.0.6.jar;C:\Users\XPC\.m2\repository\com\sun\mail\javax.mail\1.6.2\javax.mail-1.6.2.jar;C:\Users\XPC\.m2\repository\javax\activation\activation\1.1\activation-1.1.jar;C:\Users\XPC\.m2\repository\ch\qos\logback\logback-access\1.3.3\logback-access-1.3.3.jar;"/>
    <property name="java.vm.vendor" value="Microsoft"/>
    <property name="sun.arch.data.model" value="64"/>
    <property name="user.variant" value=""/>
    <property name="java.vendor.url" value="https://www.microsoft.com"/>
    <property name="user.timezone" value="America/Guatemala"/>
    <property name="user.country.format" value="CR"/>
    <property name="os.name" value="Windows 10"/>
    <property name="java.vm.specification.version" value="17"/>
    <property name="sun.java.launcher" value="SUN_STANDARD"/>
    <property name="user.country" value="US"/>
    <property name="sun.boot.library.path" value="E:\Java\bin"/>
    <property name="sun.java.command" value="C:\Users\XPC\AppData\Local\Temp\surefire13914677553487596645\surefirebooter14642293939812789103.jar C:\Users\XPC\AppData\Local\Temp\surefire13914677553487596645 2023-02-04T22-22-29_448-jvmRun1 surefire2245154812989086893tmp surefire_06054732456003239598tmp"/>
    <property name="jdk.debug" value="release"/>
    <property name="surefire.test.class.path" value="E:\Users\XPC\Documents\Trabajo\repros\JavaSpringFunctionApp\target\test-classes;E:\Users\XPC\Documents\Trabajo\repros\JavaSpringFunctionApp\target\classes;C:\Users\XPC\.m2\repository\org\springframework\cloud\spring-cloud-function-adapter-azure\4.0.0\spring-cloud-function-adapter-azure-4.0.0.jar;C:\Users\XPC\.m2\repository\org\springframework\cloud\spring-cloud-function-context\4.0.0\spring-cloud-function-context-4.0.0.jar;C:\Users\XPC\.m2\repository\net\jodah\typetools\0.6.2\typetools-0.6.2.jar;C:\Users\XPC\.m2\repository\org\springframework\boot\spring-boot-autoconfigure\3.0.1\spring-boot-autoconfigure-3.0.1.jar;C:\Users\XPC\.m2\repository\org\springframework\cloud\spring-cloud-function-core\4.0.0\spring-cloud-function-core-4.0.0.jar;C:\Users\XPC\.m2\repository\org\springframework\spring-messaging\6.0.3\spring-messaging-6.0.3.jar;C:\Users\XPC\.m2\repository\org\springframework\spring-beans\6.0.3\spring-beans-6.0.3.jar;C:\Users\XPC\.m2\repository\javax\annotation\javax.annotation-api\1.3.2\javax.annotation-api-1.3.2.jar;C:\Users\XPC\.m2\repository\javax\activation\javax.activation-api\1.2.0\javax.activation-api-1.2.0.jar;C:\Users\XPC\.m2\repository\com\fasterxml\jackson\core\jackson-databind\2.14.1\jackson-databind-2.14.1.jar;C:\Users\XPC\.m2\repository\com\fasterxml\jackson\core\jackson-annotations\2.14.1\jackson-annotations-2.14.1.jar;C:\Users\XPC\.m2\repository\com\fasterxml\jackson\core\jackson-core\2.14.1\jackson-core-2.14.1.jar;C:\Users\XPC\.m2\repository\org\springframework\boot\spring-boot-starter\3.0.1\spring-boot-starter-3.0.1.jar;C:\Users\XPC\.m2\repository\org\springframework\boot\spring-boot\3.0.1\spring-boot-3.0.1.jar;C:\Users\XPC\.m2\repository\org\springframework\spring-context\6.0.3\spring-context-6.0.3.jar;C:\Users\XPC\.m2\repository\org\springframework\spring-aop\6.0.3\spring-aop-6.0.3.jar;C:\Users\XPC\.m2\repository\org\springframework\spring-expression\6.0.3\spring-expression-6.0.3.jar;C:\Users\XPC\.m2\repository\jakarta\annotation\jakarta.annotation-api\2.1.1\jakarta.annotation-api-2.1.1.jar;C:\Users\XPC\.m2\repository\org\yaml\snakeyaml\1.33\snakeyaml-1.33.jar;C:\Users\XPC\.m2\repository\io\projectreactor\reactor-core\3.5.1\reactor-core-3.5.1.jar;C:\Users\XPC\.m2\repository\org\reactivestreams\reactive-streams\1.0.4\reactive-streams-1.0.4.jar;C:\Users\XPC\.m2\repository\com\microsoft\azure\functions\azure-functions-java-library\3.0.0\azure-functions-java-library-3.0.0.jar;C:\Users\XPC\.m2\repository\com\microsoft\azure\functions\azure-functions-java-core-library\1.2.0\azure-functions-java-core-library-1.2.0.jar;C:\Users\XPC\.m2\repository\com\microsoft\azure\functions\azure-functions-java-spi\1.0.0\azure-functions-java-spi-1.0.0.jar;C:\Users\XPC\.m2\repository\org\springframework\cloud\spring-cloud-starter-function-webflux\4.0.0\spring-cloud-starter-function-webflux-4.0.0.jar;C:\Users\XPC\.m2\repository\org\springframework\cloud\spring-cloud-function-web\4.0.0\spring-cloud-function-web-4.0.0.jar;C:\Users\XPC\.m2\repository\org\springframework\boot\spring-boot-starter-webflux\3.0.1\spring-boot-starter-webflux-3.0.1.jar;C:\Users\XPC\.m2\repository\org\springframework\boot\spring-boot-starter-json\3.0.1\spring-boot-starter-json-3.0.1.jar;C:\Users\XPC\.m2\repository\com\fasterxml\jackson\datatype\jackson-datatype-jdk8\2.14.1\jackson-datatype-jdk8-2.14.1.jar;C:\Users\XPC\.m2\repository\com\fasterxml\jackson\datatype\jackson-datatype-jsr310\2.14.1\jackson-datatype-jsr310-2.14.1.jar;C:\Users\XPC\.m2\repository\com\fasterxml\jackson\module\jackson-module-parameter-names\2.14.1\jackson-module-parameter-names-2.14.1.jar;C:\Users\XPC\.m2\repository\org\springframework\boot\spring-boot-starter-reactor-netty\3.0.1\spring-boot-starter-reactor-netty-3.0.1.jar;C:\Users\XPC\.m2\repository\io\projectreactor\netty\reactor-netty-http\1.1.1\reactor-netty-http-1.1.1.jar;C:\Users\XPC\.m2\repository\io\netty\netty-codec-http2\4.1.86.Final\netty-codec-http2-4.1.86.Final.jar;C:\Users\XPC\.m2\repository\io\netty\netty-resolver-dns\4.1.86.Final\netty-resolver-dns-4.1.86.Final.jar;C:\Users\XPC\.m2\repository\io\netty\netty-codec-dns\4.1.86.Final\netty-codec-dns-4.1.86.Final.jar;C:\Users\XPC\.m2\repository\io\netty\netty-resolver-dns-native-macos\4.1.86.Final\netty-resolver-dns-native-macos-4.1.86.Final-osx-x86_64.jar;C:\Users\XPC\.m2\repository\io\netty\netty-resolver-dns-classes-macos\4.1.86.Final\netty-resolver-dns-classes-macos-4.1.86.Final.jar;C:\Users\XPC\.m2\repository\io\projectreactor\netty\reactor-netty-core\1.1.1\reactor-netty-core-1.1.1.jar;C:\Users\XPC\.m2\repository\org\springframework\spring-web\6.0.3\spring-web-6.0.3.jar;C:\Users\XPC\.m2\repository\io\micrometer\micrometer-observation\1.10.2\micrometer-observation-1.10.2.jar;C:\Users\XPC\.m2\repository\io\micrometer\micrometer-commons\1.10.2\micrometer-commons-1.10.2.jar;C:\Users\XPC\.m2\repository\org\springframework\spring-webflux\6.0.3\spring-webflux-6.0.3.jar;C:\Users\XPC\.m2\repository\org\springframework\boot\spring-boot-starter-test\3.0.1\spring-boot-starter-test-3.0.1.jar;C:\Users\XPC\.m2\repository\org\springframework\boot\spring-boot-test\3.0.1\spring-boot-test-3.0.1.jar;C:\Users\XPC\.m2\repository\org\springframework\boot\spring-boot-test-autoconfigure\3.0.1\spring-boot-test-autoconfigure-3.0.1.jar;C:\Users\XPC\.m2\repository\com\jayway\jsonpath\json-path\2.7.0\json-path-2.7.0.jar;C:\Users\XPC\.m2\repository\net\minidev\json-smart\2.4.8\json-smart-2.4.8.jar;C:\Users\XPC\.m2\repository\net\minidev\accessors-smart\2.4.8\accessors-smart-2.4.8.jar;C:\Users\XPC\.m2\repository\org\ow2\asm\asm\9.1\asm-9.1.jar;C:\Users\XPC\.m2\repository\jakarta\xml\bind\jakarta.xml.bind-api\4.0.0\jakarta.xml.bind-api-4.0.0.jar;C:\Users\XPC\.m2\repository\jakarta\activation\jakarta.activation-api\2.1.0\jakarta.activation-api-2.1.0.jar;C:\Users\XPC\.m2\repository\org\assertj\assertj-core\3.23.1\assertj-core-3.23.1.jar;C:\Users\XPC\.m2\repository\net\bytebuddy\byte-buddy\1.12.20\byte-buddy-1.12.20.jar;C:\Users\XPC\.m2\repository\org\hamcrest\hamcrest\2.2\hamcrest-2.2.jar;C:\Users\XPC\.m2\repository\org\junit\jupiter\junit-jupiter\5.9.1\junit-jupiter-5.9.1.jar;C:\Users\XPC\.m2\repository\org\junit\jupiter\junit-jupiter-params\5.9.1\junit-jupiter-params-5.9.1.jar;C:\Users\XPC\.m2\repository\org\junit\jupiter\junit-jupiter-engine\5.9.1\junit-jupiter-engine-5.9.1.jar;C:\Users\XPC\.m2\repository\org\junit\platform\junit-platform-engine\1.9.1\junit-platform-engine-1.9.1.jar;C:\Users\XPC\.m2\repository\org\mockito\mockito-core\4.8.1\mockito-core-4.8.1.jar;C:\Users\XPC\.m2\repository\net\bytebuddy\byte-buddy-agent\1.12.20\byte-buddy-agent-1.12.20.jar;C:\Users\XPC\.m2\repository\org\objenesis\objenesis\3.2\objenesis-3.2.jar;C:\Users\XPC\.m2\repository\org\mockito\mockito-junit-jupiter\4.8.1\mockito-junit-jupiter-4.8.1.jar;C:\Users\XPC\.m2\repository\org\skyscreamer\jsonassert\1.5.1\jsonassert-1.5.1.jar;C:\Users\XPC\.m2\repository\com\vaadin\external\google\android-json\0.0.20131108.vaadin1\android-json-0.0.20131108.vaadin1.jar;C:\Users\XPC\.m2\repository\org\springframework\spring-core\6.0.3\spring-core-6.0.3.jar;C:\Users\XPC\.m2\repository\org\springframework\spring-jcl\6.0.3\spring-jcl-6.0.3.jar;C:\Users\XPC\.m2\repository\org\springframework\spring-test\6.0.3\spring-test-6.0.3.jar;C:\Users\XPC\.m2\repository\org\xmlunit\xmlunit-core\2.9.0\xmlunit-core-2.9.0.jar;C:\Users\XPC\.m2\repository\org\junit\jupiter\junit-jupiter-api\5.9.1\junit-jupiter-api-5.9.1.jar;C:\Users\XPC\.m2\repository\org\opentest4j\opentest4j\1.2.0\opentest4j-1.2.0.jar;C:\Users\XPC\.m2\repository\org\junit\platform\junit-platform-commons\1.9.1\junit-platform-commons-1.9.1.jar;C:\Users\XPC\.m2\repository\org\apiguardian\apiguardian-api\1.1.2\apiguardian-api-1.1.2.jar;C:\Users\XPC\.m2\repository\io\gatling\highcharts\gatling-charts-highcharts\3.9.0\gatling-charts-highcharts-3.9.0.jar;C:\Users\XPC\.m2\repository\org\scala-lang\scala-library\2.13.10\scala-library-2.13.10.jar;C:\Users\XPC\.m2\repository\io\gatling\gatling-app\3.9.0\gatling-app-3.9.0.jar;C:\Users\XPC\.m2\repository\io\gatling\gatling-core\3.9.0\gatling-core-3.9.0.jar;C:\Users\XPC\.m2\repository\io\gatling\gatling-netty-util\3.9.0\gatling-netty-util-3.9.0.jar;C:\Users\XPC\.m2\repository\io\gatling\gatling-jdk-util\3.9.0\gatling-jdk-util-3.9.0.jar;C:\Users\XPC\.m2\repository\io\netty\incubator\netty-incubator-transport-native-io_uring\0.0.16.Final\netty-incubator-transport-native-io_uring-0.0.16.Final-linux-x86_64.jar;C:\Users\XPC\.m2\repository\io\netty\incubator\netty-incubator-transport-classes-io_uring\0.0.16.Final\netty-incubator-transport-classes-io_uring-0.0.16.Final.jar;C:\Users\XPC\.m2\repository\io\netty\incubator\netty-incubator-transport-native-io_uring\0.0.16.Final\netty-incubator-transport-native-io_uring-0.0.16.Final-linux-aarch_64.jar;C:\Users\XPC\.m2\repository\io\gatling\gatling-commons\3.9.0\gatling-commons-3.9.0.jar;C:\Users\XPC\.m2\repository\io\gatling\gatling-commons-shared\3.9.0\gatling-commons-shared-3.9.0.jar;C:\Users\XPC\.m2\repository\org\scala-lang\scala-reflect\2.13.10\scala-reflect-2.13.10.jar;C:\Users\XPC\.m2\repository\io\suzaku\boopickle_2.13\1.3.3\boopickle_2.13-1.3.3.jar;C:\Users\XPC\.m2\repository\io\gatling\gatling-commons-shared-unstable\3.9.0\gatling-commons-shared-unstable-3.9.0.jar;C:\Users\XPC\.m2\repository\org\typelevel\spire-macros_2.13\0.17.0\spire-macros_2.13-0.17.0.jar;C:\Users\XPC\.m2\repository\com\typesafe\scala-logging\scala-logging_2.13\3.9.5\scala-logging_2.13-3.9.5.jar;C:\Users\XPC\.m2\repository\io\gatling\gatling-jsonpath\3.9.0\gatling-jsonpath-3.9.0.jar;C:\Users\XPC\.m2\repository\com\typesafe\akka\akka-slf4j_2.13\2.6.20\akka-slf4j_2.13-2.6.20.jar;C:\Users\XPC\.m2\repository\org\simpleflatmapper\lightning-csv\8.2.3\lightning-csv-8.2.3.jar;C:\Users\XPC\.m2\repository\org\simpleflatmapper\sfm-util\8.2.3\sfm-util-8.2.3.jar;C:\Users\XPC\.m2\repository\com\github\ben-manes\caffeine\caffeine\3.1.2\caffeine-3.1.2.jar;C:\Users\XPC\.m2\repository\org\checkerframework\checker-qual\3.27.0\checker-qual-3.27.0.jar;C:\Users\XPC\.m2\repository\com\google\errorprone\error_prone_annotations\2.16\error_prone_annotations-2.16.jar;C:\Users\XPC\.m2\repository\io\pebbletemplates\pebble\3.2.0\pebble-3.2.0.jar;C:\Users\XPC\.m2\repository\org\unbescape\unbescape\1.1.6.RELEASE\unbescape-1.1.6.RELEASE.jar;C:\Users\XPC\.m2\repository\org\scala-lang\modules\scala-parser-combinators_2.13\2.1.1\scala-parser-combinators_2.13-2.1.1.jar;C:\Users\XPC\.m2\repository\com\github\scopt\scopt_2.13\3.7.1\scopt_2.13-3.7.1.jar;C:\Users\XPC\.m2\repository\io\netty\netty-handler\4.1.86.Final\netty-handler-4.1.86.Final.jar;C:\Users\XPC\.m2\repository\io\netty\netty-resolver\4.1.86.Final\netty-resolver-4.1.86.Final.jar;C:\Users\XPC\.m2\repository\io\netty\netty-transport-native-unix-common\4.1.86.Final\netty-transport-native-unix-common-4.1.86.Final.jar;C:\Users\XPC\.m2\repository\io\netty\netty-tcnative-classes\2.0.54.Final\netty-tcnative-classes-2.0.54.Final.jar;C:\Users\XPC\.m2\repository\com\softwaremill\quicklens\quicklens_2.13\1.9.0\quicklens_2.13-1.9.0.jar;C:\Users\XPC\.m2\repository\net\sf\saxon\Saxon-HE\10.6\Saxon-HE-10.6.jar;C:\Users\XPC\.m2\repository\org\jodd\jodd-lagarto\6.0.6\jodd-lagarto-6.0.6.jar;C:\Users\XPC\.m2\repository\org\jodd\jodd-util\6.1.0\jodd-util-6.1.0.jar;C:\Users\XPC\.m2\repository\io\burt\jmespath-jackson\0.5.1\jmespath-jackson-0.5.1.jar;C:\Users\XPC\.m2\repository\io\burt\jmespath-core\0.5.1\jmespath-core-0.5.1.jar;C:\Users\XPC\.m2\repository\io\gatling\gatling-core-java\3.9.0\gatling-core-java-3.9.0.jar;C:\Users\XPC\.m2\repository\com\google\code\findbugs\jsr305\3.0.2\jsr305-3.0.2.jar;C:\Users\XPC\.m2\repository\io\gatling\gatling-http\3.9.0\gatling-http-3.9.0.jar;C:\Users\XPC\.m2\repository\io\gatling\gatling-http-client\3.9.0\gatling-http-client-3.9.0.jar;C:\Users\XPC\.m2\repository\io\netty\netty-handler-proxy\4.1.86.Final\netty-handler-proxy-4.1.86.Final.jar;C:\Users\XPC\.m2\repository\io\netty\netty-codec-socks\4.1.86.Final\netty-codec-socks-4.1.86.Final.jar;C:\Users\XPC\.m2\repository\io\netty\netty-resolver-dns-native-macos\4.1.86.Final\netty-resolver-dns-native-macos-4.1.86.Final-osx-aarch_64.jar;C:\Users\XPC\.m2\repository\io\netty\netty-tcnative-boringssl-static\2.0.54.Final\netty-tcnative-boringssl-static-2.0.54.Final.jar;C:\Users\XPC\.m2\repository\io\netty\netty-tcnative-boringssl-static\2.0.54.Final\netty-tcnative-boringssl-static-2.0.54.Final-linux-x86_64.jar;C:\Users\XPC\.m2\repository\io\netty\netty-tcnative-boringssl-static\2.0.54.Final\netty-tcnative-boringssl-static-2.0.54.Final-linux-aarch_64.jar;C:\Users\XPC\.m2\repository\io\netty\netty-tcnative-boringssl-static\2.0.54.Final\netty-tcnative-boringssl-static-2.0.54.Final-osx-x86_64.jar;C:\Users\XPC\.m2\repository\io\netty\netty-tcnative-boringssl-static\2.0.54.Final\netty-tcnative-boringssl-static-2.0.54.Final-osx-aarch_64.jar;C:\Users\XPC\.m2\repository\io\netty\netty-tcnative-boringssl-static\2.0.54.Final\netty-tcnative-boringssl-static-2.0.54.Final-windows-x86_64.jar;C:\Users\XPC\.m2\repository\com\aayushatharva\brotli4j\brotli4j\1.8.0\brotli4j-1.8.0.jar;C:\Users\XPC\.m2\repository\com\aayushatharva\brotli4j\native-linux-x86_64\1.8.0\native-linux-x86_64-1.8.0.jar;C:\Users\XPC\.m2\repository\com\aayushatharva\brotli4j\native-linux-aarch64\1.8.0\native-linux-aarch64-1.8.0.jar;C:\Users\XPC\.m2\repository\com\aayushatharva\brotli4j\native-osx-x86_64\1.8.0\native-osx-x86_64-1.8.0.jar;C:\Users\XPC\.m2\repository\com\aayushatharva\brotli4j\native-osx-aarch64\1.8.0\native-osx-aarch64-1.8.0.jar;C:\Users\XPC\.m2\repository\com\aayushatharva\brotli4j\native-windows-x86_64\1.8.0\native-windows-x86_64-1.8.0.jar;C:\Users\XPC\.m2\repository\io\gatling\gatling-http-java\3.9.0\gatling-http-java-3.9.0.jar;C:\Users\XPC\.m2\repository\io\gatling\gatling-jms\3.9.0\gatling-jms-3.9.0.jar;C:\Users\XPC\.m2\repository\javax\jms\javax.jms-api\2.0.1\javax.jms-api-2.0.1.jar;C:\Users\XPC\.m2\repository\com\eatthepath\fast-uuid\0.2.0\fast-uuid-0.2.0.jar;C:\Users\XPC\.m2\repository\io\gatling\gatling-jms-java\3.9.0\gatling-jms-java-3.9.0.jar;C:\Users\XPC\.m2\repository\io\gatling\gatling-mqtt\3.9.0\gatling-mqtt-3.9.0.jar;C:\Users\XPC\.m2\repository\io\netty\netty-codec-mqtt\4.1.86.Final\netty-codec-mqtt-4.1.86.Final.jar;C:\Users\XPC\.m2\repository\io\netty\netty-transport-native-epoll\4.1.86.Final\netty-transport-native-epoll-4.1.86.Final-linux-x86_64.jar;C:\Users\XPC\.m2\repository\io\netty\netty-transport-classes-epoll\4.1.86.Final\netty-transport-classes-epoll-4.1.86.Final.jar;C:\Users\XPC\.m2\repository\io\netty\netty-transport-native-epoll\4.1.86.Final\netty-transport-native-epoll-4.1.86.Final-linux-aarch_64.jar;C:\Users\XPC\.m2\repository\io\gatling\gatling-mqtt-java\3.9.0\gatling-mqtt-java-3.9.0.jar;C:\Users\XPC\.m2\repository\io\gatling\gatling-jdbc\3.9.0\gatling-jdbc-3.9.0.jar;C:\Users\XPC\.m2\repository\io\gatling\gatling-jdbc-java\3.9.0\gatling-jdbc-java-3.9.0.jar;C:\Users\XPC\.m2\repository\io\gatling\gatling-redis\3.9.0\gatling-redis-3.9.0.jar;C:\Users\XPC\.m2\repository\net\debasishg\redisclient_2.13\3.42\redisclient_2.13-3.42.jar;C:\Users\XPC\.m2\repository\org\apache\commons\commons-pool2\2.11.1\commons-pool2-2.11.1.jar;C:\Users\XPC\.m2\repository\io\gatling\gatling-redis-java\3.9.0\gatling-redis-java-3.9.0.jar;C:\Users\XPC\.m2\repository\io\gatling\gatling-graphite\3.9.0\gatling-graphite-3.9.0.jar;C:\Users\XPC\.m2\repository\org\hdrhistogram\HdrHistogram\2.1.12\HdrHistogram-2.1.12.jar;C:\Users\XPC\.m2\repository\io\gatling\gatling-charts\3.9.0\gatling-charts-3.9.0.jar;C:\Users\XPC\.m2\repository\com\tdunning\t-digest\3.1\t-digest-3.1.jar;C:\Users\XPC\.m2\repository\io\gatling\gatling-recorder\3.9.0\gatling-recorder-3.9.0.jar;C:\Users\XPC\.m2\repository\org\scala-lang\modules\scala-swing_2.13\3.0.0\scala-swing_2.13-3.0.0.jar;C:\Users\XPC\.m2\repository\io\gatling\gatling-recorder-bc-shaded\1.72\gatling-recorder-bc-shaded-1.72.jar;C:\Users\XPC\.m2\repository\io\netty\netty-codec-http\4.1.86.Final\netty-codec-http-4.1.86.Final.jar;C:\Users\XPC\.m2\repository\io\netty\netty-common\4.1.86.Final\netty-common-4.1.86.Final.jar;C:\Users\XPC\.m2\repository\io\netty\netty-buffer\4.1.86.Final\netty-buffer-4.1.86.Final.jar;C:\Users\XPC\.m2\repository\io\netty\netty-transport\4.1.86.Final\netty-transport-4.1.86.Final.jar;C:\Users\XPC\.m2\repository\io\netty\netty-codec\4.1.86.Final\netty-codec-4.1.86.Final.jar;C:\Users\XPC\.m2\repository\com\typesafe\akka\akka-actor_2.13\2.6.20\akka-actor_2.13-2.6.20.jar;C:\Users\XPC\.m2\repository\com\typesafe\config\1.4.2\config-1.4.2.jar;C:\Users\XPC\.m2\repository\org\scala-lang\modules\scala-java8-compat_2.13\1.0.0\scala-java8-compat_2.13-1.0.0.jar;C:\Users\XPC\.m2\repository\com\microsoft\azure\applicationinsights-agent\3.4.9\applicationinsights-agent-3.4.9.jar;C:\Users\XPC\.m2\repository\ch\qos\logback\logback-classic\1.3.3\logback-classic-1.3.3.jar;C:\Users\XPC\.m2\repository\ch\qos\logback\logback-core\1.4.5\logback-core-1.4.5.jar;C:\Users\XPC\.m2\repository\org\slf4j\slf4j-api\2.0.6\slf4j-api-2.0.6.jar;C:\Users\XPC\.m2\repository\com\sun\mail\javax.mail\1.6.2\javax.mail-1.6.2.jar;C:\Users\XPC\.m2\repository\javax\activation\activation\1.1\activation-1.1.jar;C:\Users\XPC\.m2\repository\ch\qos\logback\logback-access\1.3.3\logback-access-1.3.3.jar;"/>
    <property name="sun.cpu.endian" value="little"/>
    <property name="user.home" value="C:\Users\XPC"/>
    <property name="user.language" value="en"/>
    <property name="java.specification.vendor" value="Oracle Corporation"/>
    <property name="java.version.date" value="2023-01-17"/>
    <property name="java.home" value="E:\Java"/>
    <property name="file.separator" value="\"/>
    <property name="basedir" value="E:\Users\XPC\Documents\Trabajo\repros\JavaSpringFunctionApp"/>
    <property name="java.vm.compressedOopsMode" value="Zero based"/>
    <property name="line.separator" value="&#10;"/>
    <property name="java.vm.specification.vendor" value="Oracle Corporation"/>
    <property name="java.specification.name" value="Java Platform API Specification"/>
    <property name="surefire.real.class.path" value="C:\Users\XPC\AppData\Local\Temp\surefire13914677553487596645\surefirebooter14642293939812789103.jar"/>
    <property name="user.script" value=""/>
    <property name="sun.management.compiler" value="HotSpot 64-Bit Tiered Compilers"/>
    <property name="java.runtime.version" value="17.0.6+10-LTS"/>
    <property name="user.name" value="XPC"/>
    <property name="path.separator" value=";"/>
    <property name="os.version" value="10.0"/>
    <property name="java.runtime.name" value="OpenJDK Runtime Environment"/>
    <property name="file.encoding" value="Cp1252"/>
    <property name="java.vm.name" value="OpenJDK 64-Bit Server VM"/>
    <property name="java.vendor.version" value="Microsoft-7209853"/>
    <property name="localRepository" value="C:\Users\XPC\.m2\repository"/>
    <property name="java.vendor.url.bug" value="https://github.com/microsoft/openjdk/issues"/>
    <property name="java.io.tmpdir" value="C:\Users\XPC\AppData\Local\Temp\"/>
    <property name="java.version" value="17.0.6"/>
    <property name="user.dir" value="E:\Users\XPC\Documents\Trabajo\repros\JavaSpringFunctionApp"/>
    <property name="os.arch" value="amd64"/>
    <property name="java.vm.specification.name" value="Java Virtual Machine Specification"/>
    <property name="user.language.format" value="es"/>
    <property name="sun.os.patch.level" value=""/>
    <property name="native.encoding" value="Cp1252"/>
    <property name="java.library.path" value="E:\Java\bin;C:\Windows\Sun\Java\bin;C:\Windows\system32;C:\Windows;E:\Java\bin;E:\Maven\apache-maven-3.8.7\bin;C:\Program Files (x86)\Microsoft SDKs\Azure\CLI2\wbin;C:\Python311\Scripts\;C:\Python311\;E:\Python\Scripts\;E:\Python\;E:\OracleDB\Oracle\bin;C:\Windows\system32;C:\Windows;C:\Windows\System32\Wbem;C:\Windows\System32\WindowsPowerShell\v1.0\;C:\Windows\System32\OpenSSH\;C:\Program Files (x86)\NVIDIA Corporation\PhysX\Common;C:\Program Files\NVIDIA Corporation\NVIDIA NvDLISR;C:\Program Files\Microsoft SQL Server\150\Tools\Binn\;E:\Git\cmd;C:\Program Files\Microsoft SQL Server\130\Tools\Binn\;C:\Program Files\dotnet\;C:\Program Files\Microsoft SQL Server\Client SDK\ODBC\170\Tools\Binn\;E:\Xampp\php;E:\Users\XPC\Downloads\Programas\Testing\chromedriver_win32latest;E:\Xampp8.0\php;E:\ComposerSetup80;C:\Program Files (x86)\Microsoft SQL Server\150\DTS\Binn\;C:\Program Files (x86)\Microsoft SQL Server\150\Tools\Binn\;C:\Program Files\Microsoft SQL Server\150\DTS\Binn\;C:\ProgramData\chocolatey\bin;E:\FuncCoreTools\;C:\Users\XPC\AppData\Local\Microsoft\WindowsApps;E:\Users\XPC\AppData\Local\Microsoft VS Code\bin;C:\Users\XPC\AppData\Roaming\Composer\vendor\bin;C:\Program Files\Azure Data Studio\bin;C:\Users\XPC\.dotnet\tools;."/>
    <property name="java.vm.info" value="mixed mode, sharing"/>
    <property name="java.vendor" value="Microsoft"/>
    <property name="java.vm.version" value="17.0.6+10-LTS"/>
    <property name="sun.io.unicode.encoding" value="UnicodeLittle"/>
    <property name="java.class.version" value="61.0"/>
  </properties>
  <testcase name="test" classname="com.example.HelloTest" time="0.129"/>
  <testcase name="start" classname="com.example.HelloTest" time="0.608"/>
</testsuite>